[0.009s] Invoking command in '/home/kjy/Mirobot_ros2/build/mirobot_description': CMAKE_PREFIX_PATH=${CMAKE_PREFIX_PATH}:/home/kjy/Mirobot_ros2/install/mirobot_driver:/opt/ros/humble /usr/bin/cmake /home/kjy/Mirobot_ros2/src/mirobot_description -DAMENT_CMAKE_SYMLINK_INSTALL=1 -DCMAKE_INSTALL_PREFIX=/home/kjy/Mirobot_ros2/install/mirobot_description
[0.053s] -- The C compiler identification is GNU 11.4.0
[0.093s] -- The CXX compiler identification is GNU 11.4.0
[0.097s] -- Detecting C compiler ABI info
[0.152s] -- Detecting C compiler ABI info - done
[0.156s] -- Check for working C compiler: /usr/bin/cc - skipped
[0.156s] -- Detecting C compile features
[0.156s] -- Detecting C compile features - done
[0.158s] -- Detecting CXX compiler ABI info
[0.217s] -- Detecting CXX compiler ABI info - done
[0.222s] -- Check for working CXX compiler: /usr/bin/c++ - skipped
[0.222s] -- Detecting CXX compile features
[0.222s] -- Detecting CXX compile features - done
[0.223s] -- Found ament_cmake: 1.3.12 (/opt/ros/humble/share/ament_cmake/cmake)
[0.322s] -- Found Python3: /usr/bin/python3 (found version "3.10.12") found components: Interpreter 
[0.367s] -- Override CMake install command with custom implementation using symlinks instead of copying resources
[0.385s] -- Found xacro: 2.1.1 (/opt/ros/humble/share/xacro/cmake)
[0.423s] -- Configuring done
[0.425s] -- Generating done
[0.426s] -- Build files have been written to: /home/kjy/Mirobot_ros2/build/mirobot_description
[0.432s] Invoked command in '/home/kjy/Mirobot_ros2/build/mirobot_description' returned '0': CMAKE_PREFIX_PATH=${CMAKE_PREFIX_PATH}:/home/kjy/Mirobot_ros2/install/mirobot_driver:/opt/ros/humble /usr/bin/cmake /home/kjy/Mirobot_ros2/src/mirobot_description -DAMENT_CMAKE_SYMLINK_INSTALL=1 -DCMAKE_INSTALL_PREFIX=/home/kjy/Mirobot_ros2/install/mirobot_description
[0.434s] Invoking command in '/home/kjy/Mirobot_ros2/build/mirobot_description': CMAKE_PREFIX_PATH=${CMAKE_PREFIX_PATH}:/home/kjy/Mirobot_ros2/install/mirobot_driver:/opt/ros/humble /usr/bin/cmake --build /home/kjy/Mirobot_ros2/build/mirobot_description -- -j16 -l16
[0.464s] Invoked command in '/home/kjy/Mirobot_ros2/build/mirobot_description' returned '0': CMAKE_PREFIX_PATH=${CMAKE_PREFIX_PATH}:/home/kjy/Mirobot_ros2/install/mirobot_driver:/opt/ros/humble /usr/bin/cmake --build /home/kjy/Mirobot_ros2/build/mirobot_description -- -j16 -l16
[0.472s] Invoking command in '/home/kjy/Mirobot_ros2/build/mirobot_description': CMAKE_PREFIX_PATH=${CMAKE_PREFIX_PATH}:/home/kjy/Mirobot_ros2/install/mirobot_driver:/opt/ros/humble /usr/bin/cmake --install /home/kjy/Mirobot_ros2/build/mirobot_description
[0.479s] -- Install configuration: ""
[0.479s] -- Execute custom install script
[0.479s] -- Symlinking: /home/kjy/Mirobot_ros2/install/mirobot_description/share/mirobot_description//launch/mirobot_description.launch.py
[0.486s] -- Symlinking: /home/kjy/Mirobot_ros2/install/mirobot_description/share/mirobot_description//launch/mirobot_isaac_control.launch.py
[0.494s] -- Symlinking: /home/kjy/Mirobot_ros2/install/mirobot_description/share/mirobot_description//launch/mirobot_rviz_control.launch.py
[0.501s] -- Symlinking: /home/kjy/Mirobot_ros2/install/mirobot_description/share/mirobot_description//meshes/Link1.STL
[0.507s] -- Symlinking: /home/kjy/Mirobot_ros2/install/mirobot_description/share/mirobot_description//meshes/Link2.STL
[0.513s] -- Symlinking: /home/kjy/Mirobot_ros2/install/mirobot_description/share/mirobot_description//meshes/Link3.STL
[0.518s] -- Symlinking: /home/kjy/Mirobot_ros2/install/mirobot_description/share/mirobot_description//meshes/Link4.STL
[0.524s] -- Symlinking: /home/kjy/Mirobot_ros2/install/mirobot_description/share/mirobot_description//meshes/Link5.STL
[0.533s] -- Symlinking: /home/kjy/Mirobot_ros2/install/mirobot_description/share/mirobot_description//meshes/Link6.STL
[0.540s] -- Symlinking: /home/kjy/Mirobot_ros2/install/mirobot_description/share/mirobot_description//meshes/base_link.STL
[0.548s] -- Symlinking: /home/kjy/Mirobot_ros2/install/mirobot_description/share/mirobot_description//rviz/description.rviz
[0.555s] -- Symlinking: /home/kjy/Mirobot_ros2/install/mirobot_description/share/mirobot_description//urdf/mirobot_gripper.urdf
[0.561s] -- Symlinking: /home/kjy/Mirobot_ros2/install/mirobot_description/share/mirobot_description//urdf/mirobot_urdf_2 (copy).urdf
[0.569s] -- Symlinking: /home/kjy/Mirobot_ros2/install/mirobot_description/share/mirobot_description//urdf/mirobot_urdf_2.csv
[0.576s] -- Symlinking: /home/kjy/Mirobot_ros2/install/mirobot_description/share/mirobot_description//urdf/mirobot_urdf_2.urdf
[0.582s] -- Symlinking: /home/kjy/Mirobot_ros2/install/mirobot_description/share/mirobot_description//urdf/mirobot_urdf_2.xacro
[0.589s] -- Symlinking: /home/kjy/Mirobot_ros2/install/mirobot_description/share/mirobot_description//urdf/mirobot_urdf_2.zip
[0.596s] -- Symlinking: /home/kjy/Mirobot_ros2/install/mirobot_description/share/mirobot_description//urdf/mirobot_urdf_2/Link6.usd
[0.603s] -- Symlinking: /home/kjy/Mirobot_ros2/install/mirobot_description/share/mirobot_description//urdf/mirobot_urdf_2/mirobot_urdf_2.usd
[0.610s] -- Symlinking: /home/kjy/Mirobot_ros2/install/mirobot_description/share/mirobot_description//urdf/mirobot_urdf_2/mirobot_urdf_2_ee.usd
[0.620s] -- Symlinking: /home/kjy/Mirobot_ros2/install/mirobot_description/share/mirobot_description//urdf/mirobot_urdf_2_original.urdf
[0.627s] -- Symlinking: /home/kjy/Mirobot_ros2/install/mirobot_description/share/mirobot_description//urdf/rmpflow/denso_rmpflow_common.yaml
[0.634s] -- Symlinking: /home/kjy/Mirobot_ros2/install/mirobot_description/share/mirobot_description//urdf/rmpflow/mirrobot_rmpflow_common.yaml
[0.641s] -- Symlinking: /home/kjy/Mirobot_ros2/install/mirobot_description/share/mirobot_description//urdf/rmpflow/robot_descriptor.yaml
[0.647s] -- Symlinking: /home/kjy/Mirobot_ros2/install/mirobot_description/share/ament_index/resource_index/package_run_dependencies/mirobot_description
[0.653s] -- Symlinking: /home/kjy/Mirobot_ros2/install/mirobot_description/share/ament_index/resource_index/parent_prefix_path/mirobot_description
[0.659s] -- Symlinking: /home/kjy/Mirobot_ros2/install/mirobot_description/share/mirobot_description/environment/ament_prefix_path.sh
[0.666s] -- Symlinking: /home/kjy/Mirobot_ros2/install/mirobot_description/share/mirobot_description/environment/ament_prefix_path.dsv
[0.673s] -- Symlinking: /home/kjy/Mirobot_ros2/install/mirobot_description/share/mirobot_description/environment/path.sh
[0.679s] -- Symlinking: /home/kjy/Mirobot_ros2/install/mirobot_description/share/mirobot_description/environment/path.dsv
[0.685s] -- Symlinking: /home/kjy/Mirobot_ros2/install/mirobot_description/share/mirobot_description/local_setup.bash
[0.692s] -- Symlinking: /home/kjy/Mirobot_ros2/install/mirobot_description/share/mirobot_description/local_setup.sh
[0.698s] -- Symlinking: /home/kjy/Mirobot_ros2/install/mirobot_description/share/mirobot_description/local_setup.zsh
[0.703s] -- Symlinking: /home/kjy/Mirobot_ros2/install/mirobot_description/share/mirobot_description/local_setup.dsv
[0.710s] -- Symlinking: /home/kjy/Mirobot_ros2/install/mirobot_description/share/mirobot_description/package.dsv
[0.721s] -- Symlinking: /home/kjy/Mirobot_ros2/install/mirobot_description/share/ament_index/resource_index/packages/mirobot_description
[0.729s] -- Symlinking: /home/kjy/Mirobot_ros2/install/mirobot_description/share/mirobot_description/cmake/mirobot_descriptionConfig.cmake
[0.736s] -- Symlinking: /home/kjy/Mirobot_ros2/install/mirobot_description/share/mirobot_description/cmake/mirobot_descriptionConfig-version.cmake
[0.742s] -- Symlinking: /home/kjy/Mirobot_ros2/install/mirobot_description/share/mirobot_description/package.xml
[0.752s] Invoked command in '/home/kjy/Mirobot_ros2/build/mirobot_description' returned '0': CMAKE_PREFIX_PATH=${CMAKE_PREFIX_PATH}:/home/kjy/Mirobot_ros2/install/mirobot_driver:/opt/ros/humble /usr/bin/cmake --install /home/kjy/Mirobot_ros2/build/mirobot_description
